# JRE version: Java(TM) SE Runtime Environment (8.0_111-b14) (build 1.8.0_111-b14)
# Java VM: Java HotSpot(TM) 64-Bit Server VM (25.111-b14 mixed mode windows-amd64 compressed oops)
Heap:
 PSYoungGen      total 75776K, used 24127K [0x000000076b980000, 0x0000000770e00000, 0x00000007c0000000)
  eden space 65024K, 37% used [0x000000076b980000,0x000000076d10fe40,0x000000076f900000)
  from space 10752K, 0% used [0x000000076f900000,0x000000076f900000,0x0000000770380000)
  to   space 10752K, 0% used [0x0000000770380000,0x0000000770380000,0x0000000770e00000)
 ParOldGen       total 167424K, used 108745K [0x00000006c2c00000, 0x00000006ccf80000, 0x000000076b980000)
  object space 167424K, 64% used [0x00000006c2c00000,0x00000006c96325f8,0x00000006ccf80000)
 Metaspace       used 23371K, capacity 24652K, committed 24832K, reserved 1071104K
  class space    used 3264K, capacity 3541K, committed 3584K, reserved 1048576K
GC Heap History (4 events):
Event: 1.266 GC heap before
{Heap before GC invocations=1 (full 0):
 PSYoungGen      total 75776K, used 61371K [0x000000076b980000, 0x0000000770e00000, 0x00000007c0000000)
  eden space 65024K, 94% used [0x000000076b980000,0x000000076f56efd0,0x000000076f900000)
  from space 10752K, 0% used [0x0000000770380000,0x0000000770380000,0x0000000770e00000)
  to   space 10752K, 0% used [0x000000076f900000,0x000000076f900000,0x0000000770380000)
 ParOldGen       total 173568K, used 35778K [0x00000006c2c00000, 0x00000006cd580000, 0x000000076b980000)
  object space 173568K, 20% used [0x00000006c2c00000,0x00000006c4ef0810,0x00000006cd580000)
 Metaspace       used 20131K, capacity 21160K, committed 21248K, reserved 1067008K
  class space    used 2822K, capacity 3045K, committed 3072K, reserved 1048576K
Event: 1.273 GC heap after
Heap after GC invocations=1 (full 0):
 PSYoungGen      total 75776K, used 10748K [0x000000076b980000, 0x0000000770e00000, 0x00000007c0000000)
  eden space 65024K, 0% used [0x000000076b980000,0x000000076b980000,0x000000076f900000)
  from space 10752K, 99% used [0x000000076f900000,0x000000077037f138,0x0000000770380000)
  to   space 10752K, 0% used [0x0000000770380000,0x0000000770380000,0x0000000770e00000)
 ParOldGen       total 173568K, used 36680K [0x00000006c2c00000, 0x00000006cd580000, 0x000000076b980000)
  object space 173568K, 21% used [0x00000006c2c00000,0x00000006c4fd2290,0x00000006cd580000)
 Metaspace       used 20131K, capacity 21160K, committed 21248K, reserved 1067008K
  class space    used 2822K, capacity 3045K, committed 3072K, reserved 1048576K
}
Event: 1.273 GC heap before
{Heap before GC invocations=2 (full 1):
 PSYoungGen      total 75776K, used 10748K [0x000000076b980000, 0x0000000770e00000, 0x00000007c0000000)
  eden space 65024K, 0% used [0x000000076b980000,0x000000076b980000,0x000000076f900000)
  from space 10752K, 99% used [0x000000076f900000,0x000000077037f138,0x0000000770380000)
  to   space 10752K, 0% used [0x0000000770380000,0x0000000770380000,0x0000000770e00000)
 ParOldGen       total 173568K, used 36680K [0x00000006c2c00000, 0x00000006cd580000, 0x000000076b980000)
  object space 173568K, 21% used [0x00000006c2c00000,0x00000006c4fd2290,0x00000006cd580000)
 Metaspace       used 20131K, capacity 21160K, committed 21248K, reserved 1067008K
  class space    used 2822K, capacity 3045K, committed 3072K, reserved 1048576K
Event: 1.295 GC heap after
Heap after GC invocations=2 (full 1):
 PSYoungGen      total 75776K, used 0K [0x000000076b980000, 0x0000000770e00000, 0x00000007c0000000)
  eden space 65024K, 0% used [0x000000076b980000,0x000000076b980000,0x000000076f900000)
  from space 10752K, 0% used [0x000000076f900000,0x000000076f900000,0x0000000770380000)
  to   space 10752K, 0% used [0x0000000770380000,0x0000000770380000,0x0000000770e00000)
 ParOldGen       total 167424K, used 47144K [0x00000006c2c00000, 0x00000006ccf80000, 0x000000076b980000)
  object space 167424K, 28% used [0x00000006c2c00000,0x00000006c5a0a3e8,0x00000006ccf80000)
 Metaspace       used 20131K, capacity 21160K, committed 21248K, reserved 1067008K
  class space    used 2822K, capacity 3045K, committed 3072K, reserved 1048576K
}

